[21:36:41.038] [INFO] storybook v10.4.4
[21:36:41.613] [DEBUG] Command "yarn.cmd" not found, trying next variation...
[21:36:41.714] [DEBUG] Command "yarn.exe" not found, trying next variation...
[21:36:41.809] [DEBUG] Command "yarn.ps1" not found, trying next variation...
[21:36:42.011] [DEBUG] Command "pnpm.cmd" not found, trying next variation...
[21:36:42.151] [DEBUG] Command "pnpm.exe" not found, trying next variation...
[21:36:42.258] [DEBUG] Command "pnpm.ps1" not found, trying next variation...
[21:36:42.836] [DEBUG] Getting package.json info for C:/Users/moutr/OneDrive/Desktop/Design System/package.json...
[21:36:42.840] [WARN] You are currently using Storybook [1m10.4.4[22m but you have packages which are incompatible with it:

- @storybook/addon-essentials@8.6.14 which depends on 8.6.14
 Repo: https://github.com/storybookjs/storybook/tree/next/code/addons/essentials

Please consider updating your packages or contacting the maintainers for compatibility details.

For more details on compatibility guidance, see:
https://github.com/storybookjs/storybook/issues/32836
[21:36:44.275] [INFO] Starting...
[21:36:44.824] [DEBUG] Starting preview..
[21:36:45.499] [DEBUG] Using tsconfig paths for react-docgen
[21:36:45.552] [ERROR] Failed to build the preview
[21:36:45.556] [ERROR] [38;2;241;97;97mReferenceError: __dirname is not defined[39m
    at Object.viteFinal (file:///C:/Users/moutr/OneDrive/Desktop/Design%20System/.storybook/main.ts:19:25)
    at file:///C:/Users/moutr/OneDrive/Desktop/Design%20System/node_modules/storybook/dist/_node-chunks/chunk-3FBJJ3J7.js:9190:36
    at async createViteServer (file:///C:/Users/moutr/OneDrive/Desktop/Design%20System/node_modules/@storybook/builder-vite/dist/index.js:1575:21)
    at async Module.start (file:///C:/Users/moutr/OneDrive/Desktop/Design%20System/node_modules/@storybook/builder-vite/dist/index.js:1606:17)
    at async storybookDevServer (file:///C:/Users/moutr/OneDrive/Desktop/Design%20System/node_modules/storybook/dist/core-server/index.js:11496:158)
    at async buildOrThrow (file:///C:/Users/moutr/OneDrive/Desktop/Design%20System/node_modules/storybook/dist/core-server/index.js:8205:12)
    at async buildDevStandalone (file:///C:/Users/moutr/OneDrive/Desktop/Design%20System/node_modules/storybook/dist/core-server/index.js:12057:41)
    at async withTelemetry (file:///C:/Users/moutr/OneDrive/Desktop/Design%20System/node_modules/storybook/dist/_node-chunks/chunk-TQLYOGGH.js:655:12)
    at async dev (file:///C:/Users/moutr/OneDrive/Desktop/Design%20System/node_modules/storybook/dist/bin/core.js:2735:3)
    at async _Command.<anonymous> (file:///C:/Users/moutr/OneDrive/Desktop/Design%20System/node_modules/storybook/dist/bin/core.js:2805:92)
[21:36:45.558] [WARN] Broken build, fix the error above.
You may need to refresh the browser.